Arguments: 
  /Users/danilowoohyungkim/.nvm/versions/node/v12.10.0/bin/node /usr/local/bin/yarn test

PATH: 
  /Users/danilowoohyungkim/.nvm/versions/node/v12.10.0/bin:/usr/local/bin:/usr/bin:/bin:/usr/sbin:/sbin:/Library/Apple/usr/bin:/Users/danilowoohyungkim/.nvm/versions/node/v12.10.0/bin

Yarn version: 
  1.22.10

Node version: 
  12.10.0

Platform: 
  darwin x64

Trace: 
  SyntaxError: /Users/danilowoohyungkim/Documents/GitHub/matic-swap-corev1/package.json: Unexpected end of JSON input
      at JSON.parse (<anonymous>)
      at /usr/local/lib/node_modules/yarn/lib/cli.js:1625:59
      at Generator.next (<anonymous>)
      at step (/usr/local/lib/node_modules/yarn/lib/cli.js:310:30)
      at /usr/local/lib/node_modules/yarn/lib/cli.js:321:13

npm manifest: 
  

yarn manifest: 
  No manifest

Lockfile: 
  # THIS IS AN AUTOGENERATED FILE. DO NOT EDIT THIS FILE DIRECTLY.
  # yarn lockfile v1
